Running: D:\Xilinx\14.7\ISE_DS\ISE\bin\nt64\unwrapped\fuse.exe -intstyle ise -incremental -o D:/source/Github/Sistemas Digitais/neander/neander_testbench_isim_beh.exe -prj D:/source/Github/Sistemas Digitais/neander/neander_testbench_beh.prj work.neander_testbench 
ISim P.20131013 (signature 0x7708f090)
Number of CPUs detected in this system: 8
Turning on mult-threading, number of parallel sub-compilation jobs: 16 
Determining compilation order of HDL files
Parsing VHDL file "D:/source/Github/Sistemas Digitais/neander/ipcore_dir/memory.vhd" into library work
Parsing VHDL file "D:/source/Github/Sistemas Digitais/neander/neander.vhd" into library work
Parsing VHDL file "D:/source/Github/Sistemas Digitais/neander/neander_testbench.vhd" into library work
Starting static elaboration
Completed static elaboration
Compiling package standard
Compiling package std_logic_1164
Compiling package numeric_std
Compiling package std_logic_arith
Compiling package std_logic_unsigned
Compiling package textio
Compiling package std_logic_textio
Compiling architecture output_stage_behavioral of entity BLK_MEM_GEN_V7_3_output_stage [\BLK_MEM_GEN_V7_3_output_stage("...]
Compiling architecture softecc_output_reg_stage_behavioral of entity BLK_MEM_GEN_V7_3_softecc_output_reg_stage [\BLK_MEM_GEN_V7_3_softecc_output...]
Compiling architecture mem_module_behavioral of entity BLK_MEM_GEN_V7_3_mem_module [\BLK_MEM_GEN_V7_3_mem_module("bl...]
Compiling architecture behavioral of entity BLK_MEM_GEN_V7_3 [\BLK_MEM_GEN_V7_3("blk_mem_gen_v...]
Compiling architecture memory_a of entity memory [memory_default]
Compiling architecture behavioral of entity neander [neander_default]
Compiling architecture behavior of entity neander_testbench
Time Resolution for simulation is 1ps.
Waiting for 1 sub-compilation(s) to finish...
Compiled 20 VHDL Units
Built simulation executable D:/source/Github/Sistemas Digitais/neander/neander_testbench_isim_beh.exe
Fuse Memory Usage: 41668 KB
Fuse CPU Usage: 733 ms
