

================================================================
== Vivado HLS Report for 'Collatz'
================================================================
* Date:           Sun Oct  9 18:49:40 2022

* Version:        2019.1 (Build 2552052 on Fri May 24 15:28:33 MDT 2019)
* Project:        CollatzHLS
* Solution:       CollatzHLS
* Product family: virtex7
* Target device:  xc7vx485t-ffg1157-1


================================================================
== Performance Estimates
================================================================
+ Timing (ns): 
    * Summary: 
    +--------+-------+----------+------------+
    |  Clock | Target| Estimated| Uncertainty|
    +--------+-------+----------+------------+
    |ap_clk  |  10.00|     3.087|        1.25|
    +--------+-------+----------+------------+

+ Latency (clock cycles): 
    * Summary: 
    +-----+-----+-----+-----+---------+
    |  Latency  |  Interval | Pipeline|
    | min | max | min | max |   Type  |
    +-----+-----+-----+-----+---------+
    |   28|   28|   28|   28|   none  |
    +-----+-----+-----+-----+---------+

    + Detail: 
        * Instance: 
        N/A

        * Loop: 
        +----------+-----+-----+----------+-----------+-----------+------+----------+
        |          |  Latency  | Iteration|  Initiation Interval  | Trip |          |
        | Loop Name| min | max |  Latency |  achieved |   target  | Count| Pipelined|
        +----------+-----+-----+----------+-----------+-----------+------+----------+
        |- loop    |   27|   27|         1|          -|          -|    27|    no    |
        +----------+-----+-----+----------+-----------+-----------+------+----------+



================================================================
== Utilization Estimates
================================================================
* Summary: 
+-----------------+---------+-------+--------+--------+-----+
|       Name      | BRAM_18K| DSP48E|   FF   |   LUT  | URAM|
+-----------------+---------+-------+--------+--------+-----+
|DSP              |        -|      -|       -|       -|    -|
|Expression       |        -|      -|       0|      61|    -|
|FIFO             |        -|      -|       -|       -|    -|
|Instance         |        -|      -|       -|       -|    -|
|Memory           |        -|      -|       -|       -|    -|
|Multiplexer      |        -|      -|       -|      24|    -|
|Register         |        -|      -|      18|       -|    -|
+-----------------+---------+-------+--------+--------+-----+
|Total            |        0|      0|      18|      85|    0|
+-----------------+---------+-------+--------+--------+-----+
|Available        |     2060|   2800|  607200|  303600|    0|
+-----------------+---------+-------+--------+--------+-----+
|Utilization (%)  |        0|      0|   ~0   |   ~0   |    0|
+-----------------+---------+-------+--------+--------+-----+

+ Detail: 
    * Instance: 
    N/A

    * DSP48E: 
    N/A

    * Memory: 
    N/A

    * FIFO: 
    N/A

    * Expression: 
    +--------------------+----------+-------+---+----+------------+------------+
    |    Variable Name   | Operation| DSP48E| FF| LUT| Bitwidth P0| Bitwidth P1|
    +--------------------+----------+-------+---+----+------------+------------+
    |aux_2_fu_101_p2     |     +    |      0|  0|  16|           1|          16|
    |sub_ln14_fu_95_p2   |     -    |      0|  0|  16|          16|          16|
    |icmp_ln10_fu_65_p2  |   icmp   |      0|  0|  13|          16|           1|
    |aux_4_fu_107_p3     |  select  |      0|  0|  16|           1|          16|
    +--------------------+----------+-------+---+----+------------+------------+
    |Total               |          |      0|  0|  61|          34|          49|
    +--------------------+----------+-------+---+----+------------+------------+

    * Multiplexer: 
    +--------------+----+-----------+-----+-----------+
    |     Name     | LUT| Input Size| Bits| Total Bits|
    +--------------+----+-----------+-----+-----------+
    |ap_NS_fsm     |  15|          3|    1|          3|
    |aux_0_reg_54  |   9|          2|   16|         32|
    +--------------+----+-----------+-----+-----------+
    |Total         |  24|          5|   17|         35|
    +--------------+----+-----------+-----+-----------+

    * Register: 
    +--------------+----+----+-----+-----------+
    |     Name     | FF | LUT| Bits| Const Bits|
    +--------------+----+----+-----+-----------+
    |ap_CS_fsm     |   2|   0|    2|          0|
    |aux_0_reg_54  |  16|   0|   16|          0|
    +--------------+----+----+-----+-----------+
    |Total         |  18|   0|   18|          0|
    +--------------+----+----+-----+-----------+



================================================================
== Interface
================================================================
* Summary: 
+----------------------------+-----+-----+------------+---------------------+--------------+
|          RTL Ports         | Dir | Bits|  Protocol  |    Source Object    |    C Type    |
+----------------------------+-----+-----+------------+---------------------+--------------+
|ap_clk                      |  in |    1| ap_ctrl_hs |       Collatz       | return value |
|ap_rst                      |  in |    1| ap_ctrl_hs |       Collatz       | return value |
|ap_start                    |  in |    1| ap_ctrl_hs |       Collatz       | return value |
|ap_done                     | out |    1| ap_ctrl_hs |       Collatz       | return value |
|ap_idle                     | out |    1| ap_ctrl_hs |       Collatz       | return value |
|ap_ready                    | out |    1| ap_ctrl_hs |       Collatz       | return value |
|agg_result_steps            | out |    8|   ap_vld   |   agg_result_steps  |    pointer   |
|agg_result_steps_ap_vld     | out |    1|   ap_vld   |   agg_result_steps  |    pointer   |
|agg_result_greatest         | out |    8|   ap_vld   | agg_result_greatest |    pointer   |
|agg_result_greatest_ap_vld  | out |    1|   ap_vld   | agg_result_greatest |    pointer   |
|x                           |  in |    8|   ap_none  |          x          |    scalar    |
+----------------------------+-----+-----+------------+---------------------+--------------+

